<?xml version="1.0" encoding="UTF-8"?>
<!-- Generated by org.testng.reporters.JUnitReportReporter -->
<testsuite hostname="Mayura-Kale" failures="0" tests="12" name="testcases.CareersApplyTests" time="5.944" errors="0" timestamp="2023-07-17T22:11:06 IST" skipped="0">
  <testcase classname="testcases.CareersApplyTests" name="nameLabelValidation" time="0.192"/>
  <system-out/>
  <testcase classname="testcases.CareersApplyTests" name="nameTextboxValidation" time="0.513"/>
  <system-out/>
  <testcase classname="testcases.CareersApplyTests" name="emailLabelValidation" time="0.132"/>
  <system-out/>
  <testcase classname="testcases.CareersApplyTests" name="emailTextboxValidation" time="0.679"/>
  <system-out/>
  <testcase classname="testcases.CareersApplyTests" name="phoneLabelValidation" time="0.075"/>
  <system-out/>
  <testcase classname="testcases.CareersApplyTests" name="phoneTextboxValidation" time="0.129"/>
  <system-out/>
  <testcase classname="testcases.CareersApplyTests" name="resumeLabelValidation" time="0.040"/>
  <system-out/>
  <testcase classname="testcases.CareersApplyTests" name="resumeTextboxValidation" time="0.183"/>
  <system-out/>
  <testcase classname="testcases.CareersApplyTests" name="descriptionLabelValidation" time="0.083"/>
  <system-out/>
  <testcase classname="testcases.CareersApplyTests" name="descriptionTextboxValidation" time="3.333"/>
  <system-out/>
  <testcase classname="testcases.CareersApplyTests" name="applyNowButtonLabelValidation" time="0.090"/>
  <system-out/>
  <testcase classname="testcases.CareersApplyTests" name="applyNowButtonValidation" time="0.495"/>
  <system-out/>
</testsuite> <!-- testcases.CareersApplyTests -->
